<?xml version="1.0" encoding="UTF-8"?>
<testng-results ignored="0" total="1" passed="1" failed="0" skipped="0">
  <reporter-output>
  </reporter-output>
  <suite started-at="2024-08-08T10:06:42 IST" name="Default suite" finished-at="2024-08-08T10:07:23 IST" duration-ms="41394">
    <groups>
    </groups>
    <test started-at="2024-08-08T10:06:42 IST" name="Default test" finished-at="2024-08-08T10:07:23 IST" duration-ms="41394">
      <class name="TestNGpack.ExcelFacebookload">
        <test-method is-config="true" signature="beforetest()[pri:0, instance:TestNGpack.ExcelFacebookload@3c77d488]" started-at="2024-08-08T10:06:42 IST" name="beforetest" finished-at="2024-08-08T10:06:46 IST" duration-ms="4186" status="PASS">
          <reporter-output>
          </reporter-output>
        </test-method> <!-- beforetest -->
        <test-method is-config="true" signature="beforemethod()[pri:0, instance:TestNGpack.ExcelFacebookload@3c77d488]" started-at="2024-08-08T10:06:46 IST" name="beforemethod" finished-at="2024-08-08T10:06:48 IST" duration-ms="2310" status="PASS">
          <reporter-output>
          </reporter-output>
        </test-method> <!-- beforemethod -->
        <test-method signature="Test()[pri:0, instance:TestNGpack.ExcelFacebookload@3c77d488]" started-at="2024-08-08T10:06:48 IST" name="Test" finished-at="2024-08-08T10:07:23 IST" duration-ms="34814" status="PASS">
          <reporter-output>
          </reporter-output>
        </test-method> <!-- Test -->
      </class> <!-- TestNGpack.ExcelFacebookload -->
    </test> <!-- Default test -->
  </suite> <!-- Default suite -->
</testng-results>
